#
# A fatal error has been detected by the Java Runtime Environment:
#
#  EXCEPTION_ACCESS_VIOLATION (0xc0000005) at pc=0x00007fffefdd682c, pid=19028, tid=23620
#
# JRE version: OpenJDK Runtime Environment (20.0.2+9) (build 20.0.2+9-78)
# Java VM: OpenJDK 64-Bit Server VM (20.0.2+9-78, mixed mode, sharing, tiered, compressed oops, compressed class ptrs, g1 gc, windows-amd64)
# Problematic frame:
# C  [jdwp.dll+0x2682c]
#
# No core dump will be written. Minidumps are not enabled by default on client versions of Windows
#
# If you would like to submit a bug report, please visit:
#   https://bugreport.java.com/bugreport/crash.jsp
# The crash happened outside the Java Virtual Machine in native code.
# See problematic frame for where to report the bug.
#

---------------  S U M M A R Y ------------

Command Line: -agentlib:jdwp=transport=dt_socket,address=127.0.0.1:53017,suspend=y,server=n -javaagent:C:\Users\khawa\AppData\Local\JetBrains\IdeaIC2023.2\captureAgent\debugger-agent.jar -Dfile.encoding=UTF-8 -Dsun.stdout.encoding=UTF-8 -Dsun.stderr.encoding=UTF-8 ShadowDance

Host: 11th Gen Intel(R) Core(TM) i7-1165G7 @ 2.80GHz, 8 cores, 15G,  Windows 11 , 64 bit Build 22621 (10.0.22621.2215)
Time: Sat Oct  7 18:27:42 2023 AUS Eastern Summer Time elapsed time: 0.822225 seconds (0d 0h 0m 0s)

---------------  T H R E A D  ---------------

Current thread (0x000001b7a44fc3e0):  JavaThread "main" [_thread_in_native, id=23620, stack(0x0000005362400000,0x0000005362500000)]

Stack: [0x0000005362400000,0x0000005362500000],  sp=0x00000053624fe178,  free space=1016k
Native frames: (J=compiled Java code, j=interpreted, Vv=VM code, C=native code)
C  [jdwp.dll+0x2682c]

Java frames: (J=compiled Java code, j=interpreted, Vv=VM code)
j  org.lwjgl.glfw.GLFW.glfwInit()Z+0
j  bagel.AbstractGame.<clinit>()V+19
v  ~StubRoutines::call_stub 0x000001b7b3af10e7

siginfo: EXCEPTION_ACCESS_VIOLATION (0xc0000005), reading address 0xffffffffffffffff


Registers:
RAX=0x000001b809035ff0, RBX=0x000001b7c3996960, RCX=0x000001b7a44fc6c0, RDX=0x000001b7c3996960
RSP=0x00000053624fe178, RBP=0x0000000000000002, RSI=0x00000053624fe220, RDI=0x000001b7a44fc6c0
R8 =0x0000000000010002, R9 =0x0000000000000000, R10=0x00007ff801550000, R11=0x00000053624fe148
R12=0x0000000000000007, R13=0x000001b7a44e5c50, R14=0x00007fffefde0300, R15=0x0000000000000000
RIP=0x00007fffefdd682c, EFLAGS=0x0000000000010202


Register to memory mapping:

RIP=0x00007fffefdd682c jdwp.dll
RAX=0x000001b809035ff0 points into unknown readable memory: 0x0000000000000000 | 00 00 00 00 00 00 00 00
RBX=0x000001b7c3996960 points into unknown readable memory: 0x0000000713e09a80 | 80 9a e0 13 07 00 00 00
RCX=0x000001b7a44fc6c0 points into unknown readable memory: 0x000001b809035ff0 | f0 5f 03 09 b8 01 00 00
RDX=0x000001b7c3996960 points into unknown readable memory: 0x0000000713e09a80 | 80 9a e0 13 07 00 00 00
RSP=0x00000053624fe178 is pointing into the stack for thread: 0x000001b7a44fc3e0
RBP=0x0000000000000002 is an unknown value
RSI=0x00000053624fe220 is pointing into the stack for thread: 0x000001b7a44fc3e0
RDI=0x000001b7a44fc6c0 points into unknown readable memory: 0x000001b809035ff0 | f0 5f 03 09 b8 01 00 00
R8 =0x0000000000010002 is an unknown value
R9 =0x0 is NULL
R10=0x00007ff801550000 VCRUNTIME140.dll
R11=0x00000053624fe148 is pointing into the stack for thread: 0x000001b7a44fc3e0
R12=0x0000000000000007 is an unknown value
R13=0x000001b7a44e5c50 points into unknown readable memory: 0x00007fffa6c3efe0 | e0 ef c3 a6 ff 7f 00 00
R14=0x00007fffefde0300 jdwp.dll
R15=0x0 is NULL


Top of Stack: (sp=0x00000053624fe178)
0x00000053624fe178:   00007fffefdc611f 000001b7c3996960
0x00000053624fe188:   00000053624fe220 0000000000000000
0x00000053624fe198:   0000000000000000 00007fffa6c330b0
0x00000053624fe1a8:   0000000000005c44 000001b7a2273e08
0x00000053624fe1b8:   00007fffefde0348 000001b7c3996960
0x00000053624fe1c8:   00007fffefdc279f 000001b7c3996960
0x00000053624fe1d8:   0000000000000002 000001b7a44fc6c0
0x00000053624fe1e8:   000001b7c3996968 00000053624fe380
0x00000053624fe1f8:   00007fffa668da2d 000001b7c4c14fc4
0x00000053624fe208:   00000053624fe380 00000053624fe380
0x00000053624fe218:   00007fffa6781aef 0000000000000007
0x00000053624fe228:   000001b7c3996960 0000000000000000
0x00000053624fe238:   000001b7c3996968 0000000000000000
0x00000053624fe248:   0000000000000000 0000000000000000
0x00000053624fe258:   0000000000000000 0000000000000000
0x00000053624fe268:   0000000000000000 0000000000000000
0x00000053624fe278:   000001b7c3996960 000001b7c4c14f20
0x00000053624fe288:   00007fffa66694e5 000001b7c3996968
0x00000053624fe298:   000001b808ce7a50 000001b7a44fc3e0
0x00000053624fe2a8:   00007fffa668ec55 000001b7a2273dc8
0x00000053624fe2b8:   00007fffa64b8f26 0000000000000000
0x00000053624fe2c8:   000001b7a44f5d90 000001b7a44fc3e0
0x00000053624fe2d8:   000001b7c420fcc8 000001b7a2275430
0x00000053624fe2e8:   000001b7a44fc930 000001b7a44fc940
0x00000053624fe2f8:   000001b7a44fcd18 00000000000003d8
0x00000053624fe308:   000001b7a44fc3e0 000001b7a44fc3e0
0x00000053624fe318:   000001b7a2275a30 000001b7a44fcd20
0x00000053624fe328:   000001b7a44fcd50 000001b7a44fce08
0x00000053624fe338:   00000000000000d8 00000053624fe350
0x00000053624fe348:   00000053624fe480 000001b7a44fc3e0
0x00000053624fe358:   000001b7a2275a30 000001b7a44fcd20
0x00000053624fe368:   000001b7a44fcd50 000001b7a44fce08 

Instructions: (pc=0x00007fffefdd682c)
0x00007fffefdd672c:   05 ff 09 01 00 48 8b 03 48 8b d7 4d 8b 40 30 48
0x00007fffefdd673c:   8b cb 48 8b 5c 24 30 48 83 c4 20 5f 48 ff a0 00
0x00007fffefdd674c:   01 00 00 cc 48 89 5c 24 08 57 48 83 ec 20 48 8b
0x00007fffefdd675c:   f9 e8 f2 ea ff ff 4c 8b 05 c7 09 01 00 48 8b d8
0x00007fffefdd676c:   41 f6 80 10 02 00 00 02 74 33 41 b8 1f 06 00 00
0x00007fffefdd677c:   48 8d 15 e5 c3 00 00 48 8d 0d 7a 5c 00 00 e8 71
0x00007fffefdd678c:   49 ff ff 48 8d 15 62 9a 00 00 48 8d 0d 7b 5c 00
0x00007fffefdd679c:   00 e8 06 4a ff ff 4c 8b 05 87 09 01 00 48 8b 03
0x00007fffefdd67ac:   48 8b d7 4d 8b 40 38 48 8b cb 48 8b 5c 24 30 48
0x00007fffefdd67bc:   83 c4 20 5f 48 ff a0 00 01 00 00 cc 48 89 5c 24
0x00007fffefdd67cc:   08 57 48 83 ec 20 48 8b f9 e8 7a ea ff ff 48 8b
0x00007fffefdd67dc:   15 4f 09 01 00 48 8b d8 f6 82 10 02 00 00 02 74
0x00007fffefdd67ec:   2c 41 b8 11 06 00 00 48 8d 15 6e c3 00 00 48 8d
0x00007fffefdd67fc:   0d 03 5c 00 00 e8 fa 48 ff ff 48 8d 15 e3 6c 00
0x00007fffefdd680c:   00 48 8d 0d 04 5c 00 00 e8 8f 49 ff ff 48 8b 03
0x00007fffefdd681c:   48 8b d7 48 8b cb 48 8b 5c 24 30 48 83 c4 20 5f
0x00007fffefdd682c:   48 ff a0 50 07 00 00 cc 48 89 5c 24 08 48 89 74
0x00007fffefdd683c:   24 10 48 89 7c 24 18 41 56 48 83 ec 20 4c 63 f2
0x00007fffefdd684c:   49 8b d8 48 8b d1 41 8b f9 48 8b cb 4d 8d 46 ff
0x00007fffefdd685c:   ff 15 0e 5a 00 00 85 c0 75 3c 41 0f be 44 1e ff
0x00007fffefdd686c:   3b c7 75 32 49 03 de eb 10 0f be c8 ff 15 e2 59
0x00007fffefdd687c:   00 00 85 c0 74 09 48 ff c3 8a 03 84 c0 75 ea 80
0x00007fffefdd688c:   3b 3b 74 12 8b d7 48 8b cb e8 78 4a 00 00 48 85
0x00007fffefdd689c:   c0 0f 94 c0 eb 02 32 c0 48 8b 5c 24 30 48 8b 74
0x00007fffefdd68ac:   24 38 48 8b 7c 24 40 48 83 c4 20 41 5e c3 cc cc
0x00007fffefdd68bc:   0f b6 d1 83 fa 1e 0f 87 83 00 00 00 74 7b 83 fa
0x00007fffefdd68cc:   07 77 41 74 39 83 ea 01 74 2e 83 ea 01 74 23 83
0x00007fffefdd68dc:   ea 01 74 18 83 ea 01 74 0d 83 fa 02 0f 85 8a 00
0x00007fffefdd68ec:   00 00 8d 42 03 c3 b8 04 00 00 00 c3 b8 03 00 00
0x00007fffefdd68fc:   00 c3 b8 02 00 00 00 c3 b8 01 00 00 00 c3 b8 06
0x00007fffefdd690c:   00 00 00 c3 b8 08 00 00 00 2b d0 74 26 83 ea 01
0x00007fffefdd691c:   0f 84 88 00 00 00 83 ea 01 74 12 b8 0a 00 00 00 


Stack slot to memory mapping:
stack at sp + 0 slots: 0x00007fffefdc611f jdwp.dll
stack at sp + 1 slots: 0x000001b7c3996960 points into unknown readable memory: 0x0000000713e09a80 | 80 9a e0 13 07 00 00 00
stack at sp + 2 slots: 0x00000053624fe220 is pointing into the stack for thread: 0x000001b7a44fc3e0
stack at sp + 3 slots: 0x0 is NULL
stack at sp + 4 slots: 0x0 is NULL
stack at sp + 5 slots: 0x00007fffa6c330b0 jvm.dll
stack at sp + 6 slots: 0x0000000000005c44 is an unknown value
stack at sp + 7 slots: 0x000001b7a2273e08 points into unknown readable memory: 0x8000000400000001 | 01 00 00 00 04 00 00 80


---------------  P R O C E S S  ---------------

Threads class SMR info:
_java_thread_list=0x000001b808ec7240, length=14, elements={
0x000001b7a44fc3e0, 0x000001b7c39af8f0, 0x000001b7c39b06f0, 0x000001b7c39b5540,
0x000001b7c39ba400, 0x000001b7c39bae30, 0x000001b7c39bb990, 0x000001b7c39c9e70,
0x000001b7c39cb930, 0x000001b7c3981ec0, 0x000001b808d715b0, 0x000001b808eb7d00,
0x000001b808ece1f0, 0x000001b808ddf730
}

Java Threads: ( => current thread )
=>0x000001b7a44fc3e0 JavaThread "main" [_thread_in_native, id=23620, stack(0x0000005362400000,0x0000005362500000)]
  0x000001b7c39af8f0 JavaThread "Reference Handler" daemon [_thread_blocked, id=58344, stack(0x0000005362b00000,0x0000005362c00000)]
  0x000001b7c39b06f0 JavaThread "Finalizer" daemon [_thread_blocked, id=56900, stack(0x0000005362c00000,0x0000005362d00000)]
  0x000001b7c39b5540 JavaThread "Signal Dispatcher" daemon [_thread_blocked, id=43972, stack(0x0000005362d00000,0x0000005362e00000)]
  0x000001b7c39ba400 JavaThread "Attach Listener" daemon [_thread_blocked, id=24848, stack(0x0000005362e00000,0x0000005362f00000)]
  0x000001b7c39bae30 JavaThread "Service Thread" daemon [_thread_blocked, id=33352, stack(0x0000005362f00000,0x0000005363000000)]
  0x000001b7c39bb990 JavaThread "Monitor Deflation Thread" daemon [_thread_blocked, id=56820, stack(0x0000005363000000,0x0000005363100000)]
  0x000001b7c39c9e70 JavaThread "C2 CompilerThread0" daemon [_thread_blocked, id=34640, stack(0x0000005363100000,0x0000005363200000)]
  0x000001b7c39cb930 JavaThread "C1 CompilerThread0" daemon [_thread_blocked, id=5468, stack(0x0000005363200000,0x0000005363300000)]
  0x000001b7c3981ec0 JavaThread "Common-Cleaner" daemon [_thread_blocked, id=51960, stack(0x0000005363300000,0x0000005363400000)]
  0x000001b808d715b0 JavaThread "JDWP Transport Listener: dt_socket" daemon [_thread_blocked, id=22928, stack(0x0000005363400000,0x0000005363500000)]
  0x000001b808eb7d00 JavaThread "JDWP Event Helper Thread" daemon [_thread_blocked, id=5132, stack(0x0000005363500000,0x0000005363600000)]
  0x000001b808ece1f0 JavaThread "JDWP Command Reader" daemon [_thread_in_native, id=51768, stack(0x0000005363600000,0x0000005363700000)]
  0x000001b808ddf730 JavaThread "Notification Thread" daemon [_thread_blocked, id=35796, stack(0x0000005363700000,0x0000005363800000)]

Other Threads:
  0x000001b7c3996210 VMThread "VM Thread" [stack: 0x0000005362a00000,0x0000005362b00000] [id=51724]
  0x000001b808e611b0 WatcherThread "VM Periodic Task Thread" [stack: 0x0000005363800000,0x0000005363900000] [id=55840]
  0x000001b7a456deb0 WorkerThread "GC Thread#0" [stack: 0x0000005362500000,0x0000005362600000] [id=38376]
  0x000001b7a457eb20 ConcurrentGCThread "G1 Main Marker" [stack: 0x0000005362600000,0x0000005362700000] [id=37288]
  0x000001b7a457fcf0 WorkerThread "G1 Conc#0" [stack: 0x0000005362700000,0x0000005362800000] [id=58284]
  0x000001b7a45be9f0 ConcurrentGCThread "G1 Refine#0" [stack: 0x0000005362800000,0x0000005362900000] [id=51348]
  0x000001b7c3857aa0 ConcurrentGCThread "G1 Service" [stack: 0x0000005362900000,0x0000005362a00000] [id=23632]

Threads with active compile tasks:

VM state: not at safepoint (normal execution)

VM Mutex/Monitor currently owned by a thread: None

Heap address: 0x0000000704400000, size: 4028 MB, Compressed Oops mode: Zero based, Oop shift amount: 3

CDS archive(s) mapped at: [0x000001b7c3c00000-0x000001b7c4860000-0x000001b7c4860000), size 12976128, SharedBaseAddress: 0x000001b7c3c00000, ArchiveRelocationMode: 1.
Compressed class space mapped at: 0x000001b7c4c00000-0x000001b804c00000, reserved size: 1073741824
Narrow klass base: 0x000001b7c3c00000, Narrow klass shift: 0, Narrow klass range: 0x100000000

GC Precious Log:
 CardTable entry size: 512
 Card Set container configuration: InlinePtr #cards 4 size 8 Array Of Cards #cards 16 size 48 Howl #buckets 8 coarsen threshold 3686 Howl Bitmap #cards 512 size 80 coarsen threshold 460 Card regions per heap region 1 cards per card region 4096
 CPUs: 8 total, 8 available
 Memory: 16107M
 Large Page Support: Disabled
 NUMA Support: Disabled
 Compressed Oops: Enabled (Zero based)
 Heap Region Size: 2M
 Heap Min Capacity: 8M
 Heap Initial Capacity: 252M
 Heap Max Capacity: 4028M
 Pre-touch: Disabled
 Parallel Workers: 8
 Concurrent Workers: 2
 Concurrent Refinement Workers: 8
 Periodic GC: Disabled

Heap:
 garbage-first heap   total 258048K, used 6144K [0x0000000704400000, 0x0000000800000000)
  region size 2048K, 4 young (8192K), 0 survivors (0K)
 Metaspace       used 1909K, committed 2112K, reserved 1114112K
  class space    used 151K, committed 256K, reserved 1048576K

Heap Regions: E=young(eden), S=young(survivor), O=old, HS=humongous(starts), HC=humongous(continues), CS=collection set, F=free, OA=open archive, CA=closed archive, TAMS=top-at-mark-start, PB=parsable bottom
|   0|0x0000000704400000, 0x0000000704400000, 0x0000000704600000|  0%| F|  |TAMS 0x0000000704400000| PB 0x0000000704400000| Untracked 
|   1|0x0000000704600000, 0x0000000704600000, 0x0000000704800000|  0%| F|  |TAMS 0x0000000704600000| PB 0x0000000704600000| Untracked 
|   2|0x0000000704800000, 0x0000000704800000, 0x0000000704a00000|  0%| F|  |TAMS 0x0000000704800000| PB 0x0000000704800000| Untracked 
|   3|0x0000000704a00000, 0x0000000704a00000, 0x0000000704c00000|  0%| F|  |TAMS 0x0000000704a00000| PB 0x0000000704a00000| Untracked 
|   4|0x0000000704c00000, 0x0000000704c00000, 0x0000000704e00000|  0%| F|  |TAMS 0x0000000704c00000| PB 0x0000000704c00000| Untracked 
|   5|0x0000000704e00000, 0x0000000704e00000, 0x0000000705000000|  0%| F|  |TAMS 0x0000000704e00000| PB 0x0000000704e00000| Untracked 
|   6|0x0000000705000000, 0x0000000705000000, 0x0000000705200000|  0%| F|  |TAMS 0x0000000705000000| PB 0x0000000705000000| Untracked 
|   7|0x0000000705200000, 0x0000000705200000, 0x0000000705400000|  0%| F|  |TAMS 0x0000000705200000| PB 0x0000000705200000| Untracked 
|   8|0x0000000705400000, 0x0000000705400000, 0x0000000705600000|  0%| F|  |TAMS 0x0000000705400000| PB 0x0000000705400000| Untracked 
|   9|0x0000000705600000, 0x0000000705600000, 0x0000000705800000|  0%| F|  |TAMS 0x0000000705600000| PB 0x0000000705600000| Untracked 
|  10|0x0000000705800000, 0x0000000705800000, 0x0000000705a00000|  0%| F|  |TAMS 0x0000000705800000| PB 0x0000000705800000| Untracked 
|  11|0x0000000705a00000, 0x0000000705a00000, 0x0000000705c00000|  0%| F|  |TAMS 0x0000000705a00000| PB 0x0000000705a00000| Untracked 
|  12|0x0000000705c00000, 0x0000000705c00000, 0x0000000705e00000|  0%| F|  |TAMS 0x0000000705c00000| PB 0x0000000705c00000| Untracked 
|  13|0x0000000705e00000, 0x0000000705e00000, 0x0000000706000000|  0%| F|  |TAMS 0x0000000705e00000| PB 0x0000000705e00000| Untracked 
|  14|0x0000000706000000, 0x0000000706000000, 0x0000000706200000|  0%| F|  |TAMS 0x0000000706000000| PB 0x0000000706000000| Untracked 
|  15|0x0000000706200000, 0x0000000706200000, 0x0000000706400000|  0%| F|  |TAMS 0x0000000706200000| PB 0x0000000706200000| Untracked 
|  16|0x0000000706400000, 0x0000000706400000, 0x0000000706600000|  0%| F|  |TAMS 0x0000000706400000| PB 0x0000000706400000| Untracked 
|  17|0x0000000706600000, 0x0000000706600000, 0x0000000706800000|  0%| F|  |TAMS 0x0000000706600000| PB 0x0000000706600000| Untracked 
|  18|0x0000000706800000, 0x0000000706800000, 0x0000000706a00000|  0%| F|  |TAMS 0x0000000706800000| PB 0x0000000706800000| Untracked 
|  19|0x0000000706a00000, 0x0000000706a00000, 0x0000000706c00000|  0%| F|  |TAMS 0x0000000706a00000| PB 0x0000000706a00000| Untracked 
|  20|0x0000000706c00000, 0x0000000706c00000, 0x0000000706e00000|  0%| F|  |TAMS 0x0000000706c00000| PB 0x0000000706c00000| Untracked 
|  21|0x0000000706e00000, 0x0000000706e00000, 0x0000000707000000|  0%| F|  |TAMS 0x0000000706e00000| PB 0x0000000706e00000| Untracked 
|  22|0x0000000707000000, 0x0000000707000000, 0x0000000707200000|  0%| F|  |TAMS 0x0000000707000000| PB 0x0000000707000000| Untracked 
|  23|0x0000000707200000, 0x0000000707200000, 0x0000000707400000|  0%| F|  |TAMS 0x0000000707200000| PB 0x0000000707200000| Untracked 
|  24|0x0000000707400000, 0x0000000707400000, 0x0000000707600000|  0%| F|  |TAMS 0x0000000707400000| PB 0x0000000707400000| Untracked 
|  25|0x0000000707600000, 0x0000000707600000, 0x0000000707800000|  0%| F|  |TAMS 0x0000000707600000| PB 0x0000000707600000| Untracked 
|  26|0x0000000707800000, 0x0000000707800000, 0x0000000707a00000|  0%| F|  |TAMS 0x0000000707800000| PB 0x0000000707800000| Untracked 
|  27|0x0000000707a00000, 0x0000000707a00000, 0x0000000707c00000|  0%| F|  |TAMS 0x0000000707a00000| PB 0x0000000707a00000| Untracked 
|  28|0x0000000707c00000, 0x0000000707c00000, 0x0000000707e00000|  0%| F|  |TAMS 0x0000000707c00000| PB 0x0000000707c00000| Untracked 
|  29|0x0000000707e00000, 0x0000000707e00000, 0x0000000708000000|  0%| F|  |TAMS 0x0000000707e00000| PB 0x0000000707e00000| Untracked 
|  30|0x0000000708000000, 0x0000000708000000, 0x0000000708200000|  0%| F|  |TAMS 0x0000000708000000| PB 0x0000000708000000| Untracked 
|  31|0x0000000708200000, 0x0000000708200000, 0x0000000708400000|  0%| F|  |TAMS 0x0000000708200000| PB 0x0000000708200000| Untracked 
|  32|0x0000000708400000, 0x0000000708400000, 0x0000000708600000|  0%| F|  |TAMS 0x0000000708400000| PB 0x0000000708400000| Untracked 
|  33|0x0000000708600000, 0x0000000708600000, 0x0000000708800000|  0%| F|  |TAMS 0x0000000708600000| PB 0x0000000708600000| Untracked 
|  34|0x0000000708800000, 0x0000000708800000, 0x0000000708a00000|  0%| F|  |TAMS 0x0000000708800000| PB 0x0000000708800000| Untracked 
|  35|0x0000000708a00000, 0x0000000708a00000, 0x0000000708c00000|  0%| F|  |TAMS 0x0000000708a00000| PB 0x0000000708a00000| Untracked 
|  36|0x0000000708c00000, 0x0000000708c00000, 0x0000000708e00000|  0%| F|  |TAMS 0x0000000708c00000| PB 0x0000000708c00000| Untracked 
|  37|0x0000000708e00000, 0x0000000708e00000, 0x0000000709000000|  0%| F|  |TAMS 0x0000000708e00000| PB 0x0000000708e00000| Untracked 
|  38|0x0000000709000000, 0x0000000709000000, 0x0000000709200000|  0%| F|  |TAMS 0x0000000709000000| PB 0x0000000709000000| Untracked 
|  39|0x0000000709200000, 0x0000000709200000, 0x0000000709400000|  0%| F|  |TAMS 0x0000000709200000| PB 0x0000000709200000| Untracked 
|  40|0x0000000709400000, 0x0000000709400000, 0x0000000709600000|  0%| F|  |TAMS 0x0000000709400000| PB 0x0000000709400000| Untracked 
|  41|0x0000000709600000, 0x0000000709600000, 0x0000000709800000|  0%| F|  |TAMS 0x0000000709600000| PB 0x0000000709600000| Untracked 
|  42|0x0000000709800000, 0x0000000709800000, 0x0000000709a00000|  0%| F|  |TAMS 0x0000000709800000| PB 0x0000000709800000| Untracked 
|  43|0x0000000709a00000, 0x0000000709a00000, 0x0000000709c00000|  0%| F|  |TAMS 0x0000000709a00000| PB 0x0000000709a00000| Untracked 
|  44|0x0000000709c00000, 0x0000000709c00000, 0x0000000709e00000|  0%| F|  |TAMS 0x0000000709c00000| PB 0x0000000709c00000| Untracked 
|  45|0x0000000709e00000, 0x0000000709e00000, 0x000000070a000000|  0%| F|  |TAMS 0x0000000709e00000| PB 0x0000000709e00000| Untracked 
|  46|0x000000070a000000, 0x000000070a000000, 0x000000070a200000|  0%| F|  |TAMS 0x000000070a000000| PB 0x000000070a000000| Untracked 
|  47|0x000000070a200000, 0x000000070a200000, 0x000000070a400000|  0%| F|  |TAMS 0x000000070a200000| PB 0x000000070a200000| Untracked 
|  48|0x000000070a400000, 0x000000070a400000, 0x000000070a600000|  0%| F|  |TAMS 0x000000070a400000| PB 0x000000070a400000| Untracked 
|  49|0x000000070a600000, 0x000000070a600000, 0x000000070a800000|  0%| F|  |TAMS 0x000000070a600000| PB 0x000000070a600000| Untracked 
|  50|0x000000070a800000, 0x000000070a800000, 0x000000070aa00000|  0%| F|  |TAMS 0x000000070a800000| PB 0x000000070a800000| Untracked 
|  51|0x000000070aa00000, 0x000000070aa00000, 0x000000070ac00000|  0%| F|  |TAMS 0x000000070aa00000| PB 0x000000070aa00000| Untracked 
|  52|0x000000070ac00000, 0x000000070ac00000, 0x000000070ae00000|  0%| F|  |TAMS 0x000000070ac00000| PB 0x000000070ac00000| Untracked 
|  53|0x000000070ae00000, 0x000000070ae00000, 0x000000070b000000|  0%| F|  |TAMS 0x000000070ae00000| PB 0x000000070ae00000| Untracked 
|  54|0x000000070b000000, 0x000000070b000000, 0x000000070b200000|  0%| F|  |TAMS 0x000000070b000000| PB 0x000000070b000000| Untracked 
|  55|0x000000070b200000, 0x000000070b200000, 0x000000070b400000|  0%| F|  |TAMS 0x000000070b200000| PB 0x000000070b200000| Untracked 
|  56|0x000000070b400000, 0x000000070b400000, 0x000000070b600000|  0%| F|  |TAMS 0x000000070b400000| PB 0x000000070b400000| Untracked 
|  57|0x000000070b600000, 0x000000070b600000, 0x000000070b800000|  0%| F|  |TAMS 0x000000070b600000| PB 0x000000070b600000| Untracked 
|  58|0x000000070b800000, 0x000000070b800000, 0x000000070ba00000|  0%| F|  |TAMS 0x000000070b800000| PB 0x000000070b800000| Untracked 
|  59|0x000000070ba00000, 0x000000070ba00000, 0x000000070bc00000|  0%| F|  |TAMS 0x000000070ba00000| PB 0x000000070ba00000| Untracked 
|  60|0x000000070bc00000, 0x000000070bc00000, 0x000000070be00000|  0%| F|  |TAMS 0x000000070bc00000| PB 0x000000070bc00000| Untracked 
|  61|0x000000070be00000, 0x000000070be00000, 0x000000070c000000|  0%| F|  |TAMS 0x000000070be00000| PB 0x000000070be00000| Untracked 
|  62|0x000000070c000000, 0x000000070c000000, 0x000000070c200000|  0%| F|  |TAMS 0x000000070c000000| PB 0x000000070c000000| Untracked 
|  63|0x000000070c200000, 0x000000070c200000, 0x000000070c400000|  0%| F|  |TAMS 0x000000070c200000| PB 0x000000070c200000| Untracked 
|  64|0x000000070c400000, 0x000000070c400000, 0x000000070c600000|  0%| F|  |TAMS 0x000000070c400000| PB 0x000000070c400000| Untracked 
|  65|0x000000070c600000, 0x000000070c600000, 0x000000070c800000|  0%| F|  |TAMS 0x000000070c600000| PB 0x000000070c600000| Untracked 
|  66|0x000000070c800000, 0x000000070c800000, 0x000000070ca00000|  0%| F|  |TAMS 0x000000070c800000| PB 0x000000070c800000| Untracked 
|  67|0x000000070ca00000, 0x000000070ca00000, 0x000000070cc00000|  0%| F|  |TAMS 0x000000070ca00000| PB 0x000000070ca00000| Untracked 
|  68|0x000000070cc00000, 0x000000070cc00000, 0x000000070ce00000|  0%| F|  |TAMS 0x000000070cc00000| PB 0x000000070cc00000| Untracked 
|  69|0x000000070ce00000, 0x000000070ce00000, 0x000000070d000000|  0%| F|  |TAMS 0x000000070ce00000| PB 0x000000070ce00000| Untracked 
|  70|0x000000070d000000, 0x000000070d000000, 0x000000070d200000|  0%| F|  |TAMS 0x000000070d000000| PB 0x000000070d000000| Untracked 
|  71|0x000000070d200000, 0x000000070d200000, 0x000000070d400000|  0%| F|  |TAMS 0x000000070d200000| PB 0x000000070d200000| Untracked 
|  72|0x000000070d400000, 0x000000070d400000, 0x000000070d600000|  0%| F|  |TAMS 0x000000070d400000| PB 0x000000070d400000| Untracked 
|  73|0x000000070d600000, 0x000000070d600000, 0x000000070d800000|  0%| F|  |TAMS 0x000000070d600000| PB 0x000000070d600000| Untracked 
|  74|0x000000070d800000, 0x000000070d800000, 0x000000070da00000|  0%| F|  |TAMS 0x000000070d800000| PB 0x000000070d800000| Untracked 
|  75|0x000000070da00000, 0x000000070da00000, 0x000000070dc00000|  0%| F|  |TAMS 0x000000070da00000| PB 0x000000070da00000| Untracked 
|  76|0x000000070dc00000, 0x000000070dc00000, 0x000000070de00000|  0%| F|  |TAMS 0x000000070dc00000| PB 0x000000070dc00000| Untracked 
|  77|0x000000070de00000, 0x000000070de00000, 0x000000070e000000|  0%| F|  |TAMS 0x000000070de00000| PB 0x000000070de00000| Untracked 
|  78|0x000000070e000000, 0x000000070e000000, 0x000000070e200000|  0%| F|  |TAMS 0x000000070e000000| PB 0x000000070e000000| Untracked 
|  79|0x000000070e200000, 0x000000070e200000, 0x000000070e400000|  0%| F|  |TAMS 0x000000070e200000| PB 0x000000070e200000| Untracked 
|  80|0x000000070e400000, 0x000000070e400000, 0x000000070e600000|  0%| F|  |TAMS 0x000000070e400000| PB 0x000000070e400000| Untracked 
|  81|0x000000070e600000, 0x000000070e600000, 0x000000070e800000|  0%| F|  |TAMS 0x000000070e600000| PB 0x000000070e600000| Untracked 
|  82|0x000000070e800000, 0x000000070e800000, 0x000000070ea00000|  0%| F|  |TAMS 0x000000070e800000| PB 0x000000070e800000| Untracked 
|  83|0x000000070ea00000, 0x000000070ea00000, 0x000000070ec00000|  0%| F|  |TAMS 0x000000070ea00000| PB 0x000000070ea00000| Untracked 
|  84|0x000000070ec00000, 0x000000070ec00000, 0x000000070ee00000|  0%| F|  |TAMS 0x000000070ec00000| PB 0x000000070ec00000| Untracked 
|  85|0x000000070ee00000, 0x000000070ee00000, 0x000000070f000000|  0%| F|  |TAMS 0x000000070ee00000| PB 0x000000070ee00000| Untracked 
|  86|0x000000070f000000, 0x000000070f000000, 0x000000070f200000|  0%| F|  |TAMS 0x000000070f000000| PB 0x000000070f000000| Untracked 
|  87|0x000000070f200000, 0x000000070f200000, 0x000000070f400000|  0%| F|  |TAMS 0x000000070f200000| PB 0x000000070f200000| Untracked 
|  88|0x000000070f400000, 0x000000070f400000, 0x000000070f600000|  0%| F|  |TAMS 0x000000070f400000| PB 0x000000070f400000| Untracked 
|  89|0x000000070f600000, 0x000000070f600000, 0x000000070f800000|  0%| F|  |TAMS 0x000000070f600000| PB 0x000000070f600000| Untracked 
|  90|0x000000070f800000, 0x000000070f800000, 0x000000070fa00000|  0%| F|  |TAMS 0x000000070f800000| PB 0x000000070f800000| Untracked 
|  91|0x000000070fa00000, 0x000000070fa00000, 0x000000070fc00000|  0%| F|  |TAMS 0x000000070fa00000| PB 0x000000070fa00000| Untracked 
|  92|0x000000070fc00000, 0x000000070fc00000, 0x000000070fe00000|  0%| F|  |TAMS 0x000000070fc00000| PB 0x000000070fc00000| Untracked 
|  93|0x000000070fe00000, 0x000000070fe00000, 0x0000000710000000|  0%| F|  |TAMS 0x000000070fe00000| PB 0x000000070fe00000| Untracked 
|  94|0x0000000710000000, 0x0000000710000000, 0x0000000710200000|  0%| F|  |TAMS 0x0000000710000000| PB 0x0000000710000000| Untracked 
|  95|0x0000000710200000, 0x0000000710200000, 0x0000000710400000|  0%| F|  |TAMS 0x0000000710200000| PB 0x0000000710200000| Untracked 
|  96|0x0000000710400000, 0x0000000710400000, 0x0000000710600000|  0%| F|  |TAMS 0x0000000710400000| PB 0x0000000710400000| Untracked 
|  97|0x0000000710600000, 0x0000000710600000, 0x0000000710800000|  0%| F|  |TAMS 0x0000000710600000| PB 0x0000000710600000| Untracked 
|  98|0x0000000710800000, 0x0000000710800000, 0x0000000710a00000|  0%| F|  |TAMS 0x0000000710800000| PB 0x0000000710800000| Untracked 
|  99|0x0000000710a00000, 0x0000000710a00000, 0x0000000710c00000|  0%| F|  |TAMS 0x0000000710a00000| PB 0x0000000710a00000| Untracked 
| 100|0x0000000710c00000, 0x0000000710c00000, 0x0000000710e00000|  0%| F|  |TAMS 0x0000000710c00000| PB 0x0000000710c00000| Untracked 
| 101|0x0000000710e00000, 0x0000000710e00000, 0x0000000711000000|  0%| F|  |TAMS 0x0000000710e00000| PB 0x0000000710e00000| Untracked 
| 102|0x0000000711000000, 0x0000000711000000, 0x0000000711200000|  0%| F|  |TAMS 0x0000000711000000| PB 0x0000000711000000| Untracked 
| 103|0x0000000711200000, 0x0000000711200000, 0x0000000711400000|  0%| F|  |TAMS 0x0000000711200000| PB 0x0000000711200000| Untracked 
| 104|0x0000000711400000, 0x0000000711400000, 0x0000000711600000|  0%| F|  |TAMS 0x0000000711400000| PB 0x0000000711400000| Untracked 
| 105|0x0000000711600000, 0x0000000711600000, 0x0000000711800000|  0%| F|  |TAMS 0x0000000711600000| PB 0x0000000711600000| Untracked 
| 106|0x0000000711800000, 0x0000000711800000, 0x0000000711a00000|  0%| F|  |TAMS 0x0000000711800000| PB 0x0000000711800000| Untracked 
| 107|0x0000000711a00000, 0x0000000711a00000, 0x0000000711c00000|  0%| F|  |TAMS 0x0000000711a00000| PB 0x0000000711a00000| Untracked 
| 108|0x0000000711c00000, 0x0000000711c00000, 0x0000000711e00000|  0%| F|  |TAMS 0x0000000711c00000| PB 0x0000000711c00000| Untracked 
| 109|0x0000000711e00000, 0x0000000711e00000, 0x0000000712000000|  0%| F|  |TAMS 0x0000000711e00000| PB 0x0000000711e00000| Untracked 
| 110|0x0000000712000000, 0x0000000712000000, 0x0000000712200000|  0%| F|  |TAMS 0x0000000712000000| PB 0x0000000712000000| Untracked 
| 111|0x0000000712200000, 0x0000000712200000, 0x0000000712400000|  0%| F|  |TAMS 0x0000000712200000| PB 0x0000000712200000| Untracked 
| 112|0x0000000712400000, 0x0000000712400000, 0x0000000712600000|  0%| F|  |TAMS 0x0000000712400000| PB 0x0000000712400000| Untracked 
| 113|0x0000000712600000, 0x0000000712600000, 0x0000000712800000|  0%| F|  |TAMS 0x0000000712600000| PB 0x0000000712600000| Untracked 
| 114|0x0000000712800000, 0x0000000712800000, 0x0000000712a00000|  0%| F|  |TAMS 0x0000000712800000| PB 0x0000000712800000| Untracked 
| 115|0x0000000712a00000, 0x0000000712a00000, 0x0000000712c00000|  0%| F|  |TAMS 0x0000000712a00000| PB 0x0000000712a00000| Untracked 
| 116|0x0000000712c00000, 0x0000000712c00000, 0x0000000712e00000|  0%| F|  |TAMS 0x0000000712c00000| PB 0x0000000712c00000| Untracked 
| 117|0x0000000712e00000, 0x0000000712e00000, 0x0000000713000000|  0%| F|  |TAMS 0x0000000712e00000| PB 0x0000000712e00000| Untracked 
| 118|0x0000000713000000, 0x0000000713000000, 0x0000000713200000|  0%| F|  |TAMS 0x0000000713000000| PB 0x0000000713000000| Untracked 
| 119|0x0000000713200000, 0x0000000713200000, 0x0000000713400000|  0%| F|  |TAMS 0x0000000713200000| PB 0x0000000713200000| Untracked 
| 120|0x0000000713400000, 0x0000000713400000, 0x0000000713600000|  0%| F|  |TAMS 0x0000000713400000| PB 0x0000000713400000| Untracked 
| 121|0x0000000713600000, 0x0000000713600000, 0x0000000713800000|  0%| F|  |TAMS 0x0000000713600000| PB 0x0000000713600000| Untracked 
| 122|0x0000000713800000, 0x00000007139e8a50, 0x0000000713a00000| 95%| E|  |TAMS 0x0000000713800000| PB 0x0000000713800000| Complete 
| 123|0x0000000713a00000, 0x0000000713c00000, 0x0000000713c00000|100%| E|CS|TAMS 0x0000000713a00000| PB 0x0000000713a00000| Complete 
| 124|0x0000000713c00000, 0x0000000713e00000, 0x0000000713e00000|100%| E|CS|TAMS 0x0000000713c00000| PB 0x0000000713c00000| Complete 
| 125|0x0000000713e00000, 0x0000000714000000, 0x0000000714000000|100%| E|CS|TAMS 0x0000000713e00000| PB 0x0000000713e00000| Complete 

Card table byte_map: [0x000001b7bc0d0000,0x000001b7bc8b0000] _byte_map_base: 0x000001b7b88ae000

Marking Bits: (CMBitMap*) 0x000001b7a456e4e0
 Bits: [0x000001b7bd090000, 0x000001b7c0f80000)

Polling page: 0x000001b7a24c0000

Metaspace:

Usage:
  Non-class:      1.72 MB used.
      Class:    151.56 KB used.
       Both:      1.86 MB used.

Virtual space:
  Non-class space:       64.00 MB reserved,       1.81 MB (  3%) committed,  1 nodes.
      Class space:        1.00 GB reserved,     256.00 KB ( <1%) committed,  1 nodes.
             Both:        1.06 GB reserved,       2.06 MB ( <1%) committed. 

Chunk freelists:
   Non-Class:  3.42 MB
       Class:  3.67 MB
        Both:  7.09 MB

MaxMetaspaceSize: unlimited
CompressedClassSpaceSize: 1.00 GB
Initial GC threshold: 21.00 MB
Current GC threshold: 21.00 MB
CDS: on
MetaspaceReclaimPolicy: balanced
 - commit_granule_bytes: 65536.
 - commit_granule_words: 8192.
 - virtual_space_node_default_size: 8388608.
 - enlarge_chunks_in_place: 1.
 - new_chunks_are_fully_committed: 0.
 - uncommit_free_chunks: 1.
 - use_allocation_guard: 0.


Internal statistics:

num_allocs_failed_limit: 0.
num_arena_births: 74.
num_arena_deaths: 0.
num_vsnodes_births: 2.
num_vsnodes_deaths: 0.
num_space_committed: 33.
num_space_uncommitted: 0.
num_chunks_returned_to_freelist: 0.
num_chunks_taken_from_freelist: 109.
num_chunk_merges: 0.
num_chunk_splits: 73.
num_chunks_enlarged: 47.
num_inconsistent_stats: 0.

CodeHeap 'non-profiled nmethods': size=120000Kb used=144Kb max_used=144Kb free=119855Kb
 bounds [0x000001b7b4090000, 0x000001b7b4300000, 0x000001b7bb5c0000]
CodeHeap 'profiled nmethods': size=120000Kb used=581Kb max_used=581Kb free=119418Kb
 bounds [0x000001b7ac5c0000, 0x000001b7ac830000, 0x000001b7b3af0000]
CodeHeap 'non-nmethods': size=5760Kb used=1554Kb max_used=1567Kb free=4205Kb
 bounds [0x000001b7b3af0000, 0x000001b7b3d60000, 0x000001b7b4090000]
 total_blobs=888 nmethods=451 adapters=348
 compilation: enabled
              stopped_count=0, restarted_count=0
 full_count=0

Compilation events (20 events):
Event: 0.808 Thread 0x000001b7c39cb930  442       3       java.nio.Buffer::limit (65 bytes)
Event: 0.808 Thread 0x000001b7c39cb930 nmethod 442 0x000001b7ac64ec90 code [0x000001b7ac64ee40, 0x000001b7ac64f120]
Event: 0.808 Thread 0x000001b7c39cb930  443       3       java.lang.StringConcatHelper::prepend (37 bytes)
Event: 0.809 Thread 0x000001b7c39cb930 nmethod 443 0x000001b7ac64f210 code [0x000001b7ac64f3c0, 0x000001b7ac64f698]
Event: 0.812 Thread 0x000001b7c39cb930  444       3       java.util.concurrent.ConcurrentHashMap$BaseIterator::hasNext (13 bytes)
Event: 0.812 Thread 0x000001b7c39cb930 nmethod 444 0x000001b7ac64f810 code [0x000001b7ac64f9a0, 0x000001b7ac64fb10]
Event: 0.815 Thread 0x000001b7c39cb930  445       3       java.util.concurrent.ConcurrentHashMap$ValueIterator::next (34 bytes)
Event: 0.815 Thread 0x000001b7c39c9e70  446       4       java.util.concurrent.ConcurrentHashMap::tabAt (22 bytes)
Event: 0.815 Thread 0x000001b7c39cb930 nmethod 445 0x000001b7ac64fb90 code [0x000001b7ac64fd40, 0x000001b7ac64ffd0]
Event: 0.815 Thread 0x000001b7c39cb930  447       3       jdk.internal.jimage.ImageStringsReader::hashCode (33 bytes)
Event: 0.815 Thread 0x000001b7c39cb930 nmethod 447 0x000001b7ac650110 code [0x000001b7ac6502a0, 0x000001b7ac650410]
Event: 0.815 Thread 0x000001b7c39cb930  448       3       java.util.Optional::empty (6 bytes)
Event: 0.815 Thread 0x000001b7c39c9e70 nmethod 446 0x000001b7b40b3e90 code [0x000001b7b40b4000, 0x000001b7b40b4078]
Event: 0.815 Thread 0x000001b7c39cb930 nmethod 448 0x000001b7ac650510 code [0x000001b7ac6506a0, 0x000001b7ac650798]
Event: 0.815 Thread 0x000001b7c39cb930  449       3       java.lang.StringBuilder::append (8 bytes)
Event: 0.815 Thread 0x000001b7c39cb930 nmethod 449 0x000001b7ac650810 code [0x000001b7ac6509a0, 0x000001b7ac650af0]
Event: 0.815 Thread 0x000001b7c39cb930  450       3       java.lang.AbstractStringBuilder::append (55 bytes)
Event: 0.816 Thread 0x000001b7c39cb930 nmethod 450 0x000001b7ac650b90 code [0x000001b7ac650d60, 0x000001b7ac6510a0]
Event: 0.816 Thread 0x000001b7c39cb930  451       3       java.util.ArrayList::get (15 bytes)
Event: 0.816 Thread 0x000001b7c39cb930 nmethod 451 0x000001b7ac651210 code [0x000001b7ac6513c0, 0x000001b7ac651620]

GC Heap History (0 events):
No events

Dll operation events (9 events):
Event: 0.038 Loaded shared library C:\Users\khawa\.jdks\openjdk-20.0.2\bin\java.dll
Event: 0.040 Loaded shared library C:\Users\khawa\.jdks\openjdk-20.0.2\bin\zip.dll
Event: 0.061 Loaded shared library C:\Users\khawa\.jdks\openjdk-20.0.2\bin\jsvml.dll
Event: 0.620 Loaded shared library C:\Users\khawa\.jdks\openjdk-20.0.2\bin\instrument.dll
Event: 0.657 Loaded shared library C:\Users\khawa\.jdks\openjdk-20.0.2\bin\net.dll
Event: 0.660 Loaded shared library C:\Users\khawa\.jdks\openjdk-20.0.2\bin\nio.dll
Event: 0.674 Loaded shared library C:\Users\khawa\.jdks\openjdk-20.0.2\bin\zip.dll
Event: 0.746 Loaded shared library C:\Users\khawa\.jdks\openjdk-20.0.2\bin\jimage.dll
Event: 0.779 Loaded shared library C:\Users\khawa\AppData\Local\Temp\lwjglkhawa\3.3.1-build-7\lwjgl.dll

Deoptimization events (10 events):
Event: 0.636 Thread 0x000001b7a44fc3e0 Uncommon trap: trap_request=0xffffff45 fr.pc=0x000001b7b40a0270 relative=0x0000000000000070
Event: 0.636 Thread 0x000001b7a44fc3e0 Uncommon trap: reason=unstable_if action=reinterpret pc=0x000001b7b40a0270 method=java.lang.String.isLatin1()Z @ 10 c2
Event: 0.636 Thread 0x000001b7a44fc3e0 DEOPT PACKING pc=0x000001b7b40a0270 sp=0x00000053624fe2a0
Event: 0.636 Thread 0x000001b7a44fc3e0 DEOPT UNPACKING pc=0x000001b7b3b0d2a2 sp=0x00000053624fe240 mode 2
Event: 0.636 Thread 0x000001b7a44fc3e0 Uncommon trap: trap_request=0xffffff45 fr.pc=0x000001b7b40a0bc8 relative=0x00000000000000c8
Event: 0.636 Thread 0x000001b7a44fc3e0 Uncommon trap: reason=unstable_if action=reinterpret pc=0x000001b7b40a0bc8 method=java.lang.String.isLatin1()Z @ 10 c2
Event: 0.636 Thread 0x000001b7a44fc3e0 DEOPT PACKING pc=0x000001b7b40a0bc8 sp=0x00000053624fecb0
Event: 0.636 Thread 0x000001b7a44fc3e0 DEOPT UNPACKING pc=0x000001b7b3b0d2a2 sp=0x00000053624fec00 mode 2
Event: 0.807 Thread 0x000001b7a44fc3e0 DEOPT PACKING pc=0x000001b7ac5eaada sp=0x00000053624fada0
Event: 0.807 Thread 0x000001b7a44fc3e0 DEOPT UNPACKING pc=0x000001b7b3b5e462 sp=0x00000053624fa1c0 mode 0

Classes loaded (20 events):
Event: 0.809 Loading class java/nio/BufferUnderflowException
Event: 0.809 Loading class java/nio/BufferUnderflowException done
Event: 0.809 Loading class org/lwjgl/system/MemoryStack
Event: 0.809 Loading class org/lwjgl/system/MemoryStack done
Event: 0.810 Loading class java/lang/IndexOutOfBoundsException
Event: 0.810 Loading class java/lang/IndexOutOfBoundsException done
Event: 0.810 Loading class org/lwjgl/system/MemoryStack$DebugMemoryStack
Event: 0.810 Loading class org/lwjgl/system/MemoryStack$DebugMemoryStack done
Event: 0.811 Loading class org/lwjgl/system/MemoryStack
Event: 0.811 Loading class org/lwjgl/system/MemoryStack done
Event: 0.811 Loading class org/lwjgl/system/MemoryStack
Event: 0.811 Loading class org/lwjgl/system/MemoryStack done
Event: 0.811 Loading class org/lwjgl/BufferUtils
Event: 0.811 Loading class org/lwjgl/BufferUtils done
Event: 0.812 Loading class org/lwjgl/system/windows/WinBase
Event: 0.812 Loading class org/lwjgl/system/windows/WinBase done
Event: 0.812 Loading class org/lwjgl/system/ThreadLocalUtil
Event: 0.812 Loading class org/lwjgl/system/ThreadLocalUtil done
Event: 0.815 Loading class org/lwjgl/glfw/GLFW$Functions
Event: 0.815 Loading class org/lwjgl/glfw/GLFW$Functions done

Classes unloaded (0 events):
No events

Classes redefined (0 events):
No events

Internal exceptions (19 events):
Event: 0.621 Thread 0x000001b7a44fc3e0 Exception <a 'java/lang/NoSuchMethodError'{0x0000000713cb6958}: 'void java.lang.invoke.DirectMethodHandle$Holder.invokeStatic(java.lang.Object, java.lang.Object, java.lang.Object)'> (0x0000000713cb6958) 
thrown [s\open\src\hotspot\share\interpreter\linkResolver.cpp, line 773]
Event: 0.626 Thread 0x000001b7a44fc3e0 Exception <a 'java/lang/NoSuchMethodError'{0x0000000713ccde60}: 'java.lang.Object java.lang.invoke.Invokers$Holder.invokeExact_MT(java.lang.Object, java.lang.Object, java.lang.Object, java.lang.Object, java.lang.Object)'> (0x0000000713ccde60) 
thrown [s\open\src\hotspot\share\interpreter\linkResolver.cpp, line 773]
Event: 0.725 Thread 0x000001b7a44fc3e0 Exception <a 'java/lang/NoSuchMethodError'{0x0000000713ba2460}: 'void java.lang.invoke.DirectMethodHandle$Holder.invokeStatic(java.lang.Object, java.lang.Object)'> (0x0000000713ba2460) 
thrown [s\open\src\hotspot\share\interpreter\linkResolver.cpp, line 773]
Event: 0.726 Thread 0x000001b7a44fc3e0 Exception <a 'java/lang/NoSuchMethodError'{0x0000000713baca38}: 'void java.lang.System.load(java.lang.String, java.lang.Class)'> (0x0000000713baca38) 
thrown [s\open\src\hotspot\share\interpreter\linkResolver.cpp, line 773]
Event: 0.726 Thread 0x000001b7a44fc3e0 Exception <a 'java/lang/NoSuchMethodError'{0x0000000713bad408}: 'void java.lang.invoke.DirectMethodHandle$Holder.invokeSpecial(java.lang.Object, java.lang.Object, java.lang.Object)'> (0x0000000713bad408) 
thrown [s\open\src\hotspot\share\interpreter\linkResolver.cpp, line 773]
Event: 0.730 Thread 0x000001b7a44fc3e0 Exception <a 'java/lang/NoSuchMethodError'{0x0000000713bc11a0}: 'java.lang.Object java.lang.invoke.DirectMethodHandle$Holder.invokeStatic(java.lang.Object, java.lang.Object, int)'> (0x0000000713bc11a0) 
thrown [s\open\src\hotspot\share\interpreter\linkResolver.cpp, line 773]
Event: 0.731 Thread 0x000001b7a44fc3e0 Exception <a 'java/lang/NoSuchMethodError'{0x0000000713bcc6a0}: 'void java.lang.invoke.DelegatingMethodHandle$Holder.delegate(java.lang.Object, java.lang.Object, int, java.lang.Object)'> (0x0000000713bcc6a0) 
thrown [s\open\src\hotspot\share\interpreter\linkResolver.cpp, line 773]
Event: 0.732 Thread 0x000001b7a44fc3e0 Exception <a 'java/lang/NoSuchMethodError'{0x0000000713bd0818}: 'int java.lang.invoke.DirectMethodHandle$Holder.invokeSpecial(java.lang.Object, java.lang.Object, java.lang.Object)'> (0x0000000713bd0818) 
thrown [s\open\src\hotspot\share\interpreter\linkResolver.cpp, line 773]
Event: 0.737 Thread 0x000001b7a44fc3e0 Exception <a 'java/lang/NoSuchMethodError'{0x0000000713becab8}: 'void java.lang.System.loadLibrary(java.lang.String, java.lang.Class)'> (0x0000000713becab8) 
thrown [s\open\src\hotspot\share\interpreter\linkResolver.cpp, line 773]
Event: 0.777 Thread 0x000001b7a44fc3e0 Exception <a 'sun/nio/fs/WindowsException'{0x00000007138ae2b0}> (0x00000007138ae2b0) 
thrown [s\open\src\hotspot\share\prims\jni.cpp, line 519]
Event: 0.777 Thread 0x000001b7a44fc3e0 Exception <a 'sun/nio/fs/WindowsException'{0x00000007138af8b8}> (0x00000007138af8b8) 
thrown [s\open\src\hotspot\share\prims\jni.cpp, line 519]
Event: 0.791 Thread 0x000001b7a44fc3e0 Exception <a 'sun/nio/fs/WindowsException'{0x00000007138e2000}> (0x00000007138e2000) 
thrown [s\open\src\hotspot\share\prims\jni.cpp, line 519]
Event: 0.791 Thread 0x000001b7a44fc3e0 Exception <a 'sun/nio/fs/WindowsException'{0x00000007138e2360}> (0x00000007138e2360) 
thrown [s\open\src\hotspot\share\prims\jni.cpp, line 519]
Event: 0.801 Thread 0x000001b7a44fc3e0 Exception <a 'java/lang/NoSuchMethodError'{0x000000071394ec80}: 'int java.lang.invoke.DirectMethodHandle$Holder.invokeStaticInit(java.lang.Object, java.lang.Object, int, long)'> (0x000000071394ec80) 
thrown [s\open\src\hotspot\share\interpreter\linkResolver.cpp, line 773]
Event: 0.802 Thread 0x000001b7a44fc3e0 Exception <a 'java/lang/NoSuchMethodError'{0x00000007139542b8}: 'java.lang.Object java.lang.invoke.DirectMethodHandle$Holder.newInvokeSpecial(java.lang.Object, java.lang.Object, int)'> (0x00000007139542b8) 
thrown [s\open\src\hotspot\share\interpreter\linkResolver.cpp, line 773]
Event: 0.805 Thread 0x000001b7a44fc3e0 Exception <a 'java/lang/NoSuchMethodError'{0x0000000713967bb8}: 'int java.lang.invoke.DirectMethodHandle$Holder.invokeStaticInit(java.lang.Object, java.lang.Object, long, long)'> (0x0000000713967bb8) 
thrown [s\open\src\hotspot\share\interpreter\linkResolver.cpp, line 773]
Event: 0.805 Thread 0x000001b7a44fc3e0 Exception <a 'java/lang/NoSuchMethodError'{0x000000071396da00}: 'java.lang.Object java.lang.invoke.DirectMethodHandle$Holder.newInvokeSpecial(java.lang.Object, java.lang.Object, long)'> (0x000000071396da00) 
thrown [s\open\src\hotspot\share\interpreter\linkResolver.cpp, line 773]
Event: 0.806 Thread 0x000001b7a44fc3e0 Exception <a 'java/lang/NoSuchMethodError'{0x00000007139717b8}: 'java.lang.Object java.lang.invoke.Invokers$Holder.linkToTargetMethod(java.lang.Object, long, java.lang.Object)'> (0x00000007139717b8) 
thrown [s\open\src\hotspot\share\interpreter\linkResolver.cpp, line 773]
Event: 0.807 Thread 0x000001b7a44fc3e0 Exception <a 'java/lang/NoSuchMethodError'{0x0000000713978a40}: 'int java.lang.invoke.DirectMethodHandle$Holder.invokeStaticInit(java.lang.Object, java.lang.Object, java.lang.Object, long)'> (0x0000000713978a40) 
thrown [s\open\src\hotspot\share\interpreter\linkResolver.cpp, line 773]

VM Operations (6 events):
Event: 0.105 Executing VM operation: HandshakeAllThreads
Event: 0.105 Executing VM operation: HandshakeAllThreads done
Event: 0.617 Executing VM operation: ChangeBreakpoints
Event: 0.617 Executing VM operation: ChangeBreakpoints done
Event: 0.618 Executing VM operation: ChangeBreakpoints
Event: 0.618 Executing VM operation: ChangeBreakpoints done

Events (14 events):
Event: 0.061 Thread 0x000001b7a44fc3e0 Thread added: 0x000001b7a44fc3e0
Event: 0.071 Thread 0x000001b7c39af8f0 Thread added: 0x000001b7c39af8f0
Event: 0.071 Thread 0x000001b7c39b06f0 Thread added: 0x000001b7c39b06f0
Event: 0.072 Thread 0x000001b7c39b5540 Thread added: 0x000001b7c39b5540
Event: 0.072 Thread 0x000001b7c39ba400 Thread added: 0x000001b7c39ba400
Event: 0.072 Thread 0x000001b7c39bae30 Thread added: 0x000001b7c39bae30
Event: 0.072 Thread 0x000001b7c39bb990 Thread added: 0x000001b7c39bb990
Event: 0.072 Thread 0x000001b7c39c9e70 Thread added: 0x000001b7c39c9e70
Event: 0.072 Thread 0x000001b7c39cb930 Thread added: 0x000001b7c39cb930
Event: 0.100 Thread 0x000001b7c3981ec0 Thread added: 0x000001b7c3981ec0
Event: 0.127 Thread 0x000001b808d715b0 Thread added: 0x000001b808d715b0
Event: 0.127 Thread 0x000001b808eb7d00 Thread added: 0x000001b808eb7d00
Event: 0.128 Thread 0x000001b808ece1f0 Thread added: 0x000001b808ece1f0
Event: 0.634 Thread 0x000001b808ddf730 Thread added: 0x000001b808ddf730


Dynamic libraries:
0x00007ff6c6100000 - 0x00007ff6c610e000 	C:\Users\khawa\.jdks\openjdk-20.0.2\bin\java.exe
0x00007ff817cb0000 - 0x00007ff817ec4000 	C:\WINDOWS\SYSTEM32\ntdll.dll
0x00007ff817710000 - 0x00007ff8177d4000 	C:\WINDOWS\System32\KERNEL32.DLL
0x00007ff815060000 - 0x00007ff815404000 	C:\WINDOWS\System32\KERNELBASE.dll
0x00007ff815410000 - 0x00007ff815521000 	C:\WINDOWS\System32\ucrtbase.dll
0x00007ff802bf0000 - 0x00007ff802c07000 	C:\Users\khawa\.jdks\openjdk-20.0.2\bin\jli.dll
0x00007ff801550000 - 0x00007ff80156b000 	C:\Users\khawa\.jdks\openjdk-20.0.2\bin\VCRUNTIME140.dll
0x00007ff817900000 - 0x00007ff817aae000 	C:\WINDOWS\System32\USER32.dll
0x00007ff815660000 - 0x00007ff815686000 	C:\WINDOWS\System32\win32u.dll
0x00007ff802360000 - 0x00007ff8025f3000 	C:\WINDOWS\WinSxS\amd64_microsoft.windows.common-controls_6595b64144ccf1df_6.0.22621.2215_none_270d72677387dfc3\COMCTL32.dll
0x00007ff8178d0000 - 0x00007ff8178f9000 	C:\WINDOWS\System32\GDI32.dll
0x00007ff817270000 - 0x00007ff817317000 	C:\WINDOWS\System32\msvcrt.dll
0x00007ff815800000 - 0x00007ff815918000 	C:\WINDOWS\System32\gdi32full.dll
0x00007ff8159a0000 - 0x00007ff815a3a000 	C:\WINDOWS\System32\msvcp_win.dll
0x00007ff8177e0000 - 0x00007ff817811000 	C:\WINDOWS\System32\IMM32.DLL
0x00007ff80d340000 - 0x00007ff80d34c000 	C:\Users\khawa\.jdks\openjdk-20.0.2\bin\vcruntime140_1.dll
0x00007ffff1e60000 - 0x00007ffff1eee000 	C:\Users\khawa\.jdks\openjdk-20.0.2\bin\msvcp140.dll
0x00007fffa60f0000 - 0x00007fffa6d88000 	C:\Users\khawa\.jdks\openjdk-20.0.2\bin\server\jvm.dll
0x00007ff817820000 - 0x00007ff8178d0000 	C:\WINDOWS\System32\ADVAPI32.dll
0x00007ff815e10000 - 0x00007ff815eb6000 	C:\WINDOWS\System32\sechost.dll
0x00007ff815cf0000 - 0x00007ff815e07000 	C:\WINDOWS\System32\RPCRT4.dll
0x00007ff80d300000 - 0x00007ff80d309000 	C:\WINDOWS\SYSTEM32\WSOCK32.dll
0x00007ff80d790000 - 0x00007ff80d7c4000 	C:\WINDOWS\SYSTEM32\WINMM.dll
0x00007ff8097f0000 - 0x00007ff8097fa000 	C:\WINDOWS\SYSTEM32\VERSION.dll
0x00007ff817320000 - 0x00007ff817391000 	C:\WINDOWS\System32\WS2_32.dll
0x00007ff814060000 - 0x00007ff814078000 	C:\WINDOWS\SYSTEM32\kernel.appcore.dll
0x00007ff807c70000 - 0x00007ff807c7a000 	C:\Users\khawa\.jdks\openjdk-20.0.2\bin\jimage.dll
0x00007ff8129d0000 - 0x00007ff812bfe000 	C:\WINDOWS\SYSTEM32\DBGHELP.DLL
0x00007ff815ec0000 - 0x00007ff81624a000 	C:\WINDOWS\System32\combase.dll
0x00007ff815a50000 - 0x00007ff815b27000 	C:\WINDOWS\System32\OLEAUT32.dll
0x00007fffee720000 - 0x00007fffee752000 	C:\WINDOWS\SYSTEM32\dbgcore.DLL
0x00007ff815920000 - 0x00007ff81599a000 	C:\WINDOWS\System32\bcryptPrimitives.dll
0x00007fffefdb0000 - 0x00007fffefdec000 	C:\Users\khawa\.jdks\openjdk-20.0.2\bin\jdwp.dll
0x00007ff801530000 - 0x00007ff80153e000 	C:\Users\khawa\.jdks\openjdk-20.0.2\bin\instrument.dll
0x00007ffff5f50000 - 0x00007ffff5f76000 	C:\Users\khawa\.jdks\openjdk-20.0.2\bin\java.dll
0x00007ffff41d0000 - 0x00007ffff41e8000 	C:\Users\khawa\.jdks\openjdk-20.0.2\bin\zip.dll
0x00007ffff1b50000 - 0x00007ffff1c27000 	C:\Users\khawa\.jdks\openjdk-20.0.2\bin\jsvml.dll
0x00007ff8163b0000 - 0x00007ff816bd3000 	C:\WINDOWS\System32\SHELL32.dll
0x00007ff812ff0000 - 0x00007ff8138da000 	C:\WINDOWS\SYSTEM32\windows.storage.dll
0x00007ff812eb0000 - 0x00007ff812fee000 	C:\WINDOWS\SYSTEM32\wintypes.dll
0x00007ff8162b0000 - 0x00007ff8163a3000 	C:\WINDOWS\System32\SHCORE.dll
0x00007ff816250000 - 0x00007ff8162ae000 	C:\WINDOWS\System32\shlwapi.dll
0x00007ff814f90000 - 0x00007ff814fb6000 	C:\WINDOWS\SYSTEM32\profapi.dll
0x00007ff8010a0000 - 0x00007ff8010ac000 	C:\Users\khawa\.jdks\openjdk-20.0.2\bin\dt_socket.dll
0x00007ff813b80000 - 0x00007ff813bad000 	C:\WINDOWS\SYSTEM32\IPHLPAPI.DLL
0x00007ff814530000 - 0x00007ff814599000 	C:\WINDOWS\system32\mswsock.dll
0x00007ff801470000 - 0x00007ff801483000 	C:\Users\khawa\.jdks\openjdk-20.0.2\bin\net.dll
0x00007ff80b160000 - 0x00007ff80b297000 	C:\WINDOWS\SYSTEM32\WINHTTP.dll
0x00007ff8012a0000 - 0x00007ff8012b6000 	C:\Users\khawa\.jdks\openjdk-20.0.2\bin\nio.dll
0x00007fffd7530000 - 0x00007fffd75a5000 	C:\Users\khawa\AppData\Local\Temp\lwjglkhawa\3.3.1-build-7\lwjgl.dll
0x00007fffe2f70000 - 0x00007fffe2fd1000 	C:\Users\khawa\AppData\Local\Temp\lwjglkhawa\3.3.1-build-7\glfw.dll

dbghelp: loaded successfully - version: 4.0.5 - missing functions: none
symbol engine: initialized successfully - sym options: 0x614 - pdb path: .;C:\Users\khawa\.jdks\openjdk-20.0.2\bin;C:\WINDOWS\SYSTEM32;C:\WINDOWS\WinSxS\amd64_microsoft.windows.common-controls_6595b64144ccf1df_6.0.22621.2215_none_270d72677387dfc3;C:\Users\khawa\.jdks\openjdk-20.0.2\bin\server;C:\Users\khawa\AppData\Local\Temp\lwjglkhawa\3.3.1-build-7

VM Arguments:
jvm_args: -agentlib:jdwp=transport=dt_socket,address=127.0.0.1:53017,suspend=y,server=n -javaagent:C:\Users\khawa\AppData\Local\JetBrains\IdeaIC2023.2\captureAgent\debugger-agent.jar -Dfile.encoding=UTF-8 -Dsun.stdout.encoding=UTF-8 -Dsun.stderr.encoding=UTF-8 
java_command: ShadowDance
java_class_path (initial): C:\Users\khawa\ibilal-project-2\project-2-skeleton\target\classes;C:\Users\khawa\.m2\repository\org\lwjgl\lwjgl\3.3.1\lwjgl-3.3.1.jar;C:\Users\khawa\.m2\repository\org\lwjgl\lwjgl-assimp\3.3.1\lwjgl-assimp-3.3.1.jar;C:\Users\khawa\.m2\repository\org\lwjgl\lwjgl-glfw\3.3.1\lwjgl-glfw-3.3.1.jar;C:\Users\khawa\.m2\repository\org\lwjgl\lwjgl-openal\3.3.1\lwjgl-openal-3.3.1.jar;C:\Users\khawa\.m2\repository\org\lwjgl\lwjgl-opengl\3.3.1\lwjgl-opengl-3.3.1.jar;C:\Users\khawa\.m2\repository\org\lwjgl\lwjgl-stb\3.3.1\lwjgl-stb-3.3.1.jar;C:\Users\khawa\.m2\repository\org\lwjgl\lwjgl\3.3.1\lwjgl-3.3.1-natives-windows.jar;C:\Users\khawa\.m2\repository\org\lwjgl\lwjgl-assimp\3.3.1\lwjgl-assimp-3.3.1-natives-windows.jar;C:\Users\khawa\.m2\repository\org\lwjgl\lwjgl-glfw\3.3.1\lwjgl-glfw-3.3.1-natives-windows.jar;C:\Users\khawa\.m2\repository\org\lwjgl\lwjgl-openal\3.3.1\lwjgl-openal-3.3.1-natives-windows.jar;C:\Users\khawa\.m2\repository\org\lwjgl\lwjgl-opengl\3.3.1\lwjgl-opengl-3.3.1-natives-windows.jar;C:\Users\khawa\.m2\repository\org\lwjgl\lwjgl-stb\3.3.1\lwjgl-stb-3.3.1-natives-windows.jar;C:\Users\khawa\.m2\repository\io\github\eleanor-em\bagel\1.9.3\bagel-1.9.3.jar;C:\Program Files\JetBrains\IntelliJ IDEA Community Edition 2023.2\lib\idea_rt.jar
Launcher Type: SUN_STANDARD

[Global flags]
     intx CICompilerCount                          = 4                                         {product} {ergonomic}
     uint ConcGCThreads                            = 2                                         {product} {ergonomic}
     uint G1ConcRefinementThreads                  = 8                                         {product} {ergonomic}
   size_t G1HeapRegionSize                         = 2097152                                   {product} {ergonomic}
    uintx GCDrainStackTargetSize                   = 64                                        {product} {ergonomic}
   size_t InitialHeapSize                          = 264241152                                 {product} {ergonomic}
   size_t MarkStackSize                            = 4194304                                   {product} {ergonomic}
   size_t MaxHeapSize                              = 4223664128                                {product} {ergonomic}
   size_t MaxNewSize                               = 2533359616                                {product} {ergonomic}
   size_t MinHeapDeltaBytes                        = 2097152                                   {product} {ergonomic}
   size_t MinHeapSize                              = 8388608                                   {product} {ergonomic}
    uintx NonNMethodCodeHeapSize                   = 5839372                                {pd product} {ergonomic}
    uintx NonProfiledCodeHeapSize                  = 122909434                              {pd product} {ergonomic}
    uintx ProfiledCodeHeapSize                     = 122909434                              {pd product} {ergonomic}
    uintx ReservedCodeCacheSize                    = 251658240                              {pd product} {ergonomic}
     bool SegmentedCodeCache                       = true                                      {product} {ergonomic}
   size_t SoftMaxHeapSize                          = 4223664128                             {manageable} {ergonomic}
     bool UseCompressedClassPointers               = true                           {product lp64_product} {ergonomic}
     bool UseCompressedOops                        = true                           {product lp64_product} {ergonomic}
     bool UseG1GC                                  = true                                      {product} {ergonomic}
     bool UseLargePagesIndividualAllocation        = false                                  {pd product} {ergonomic}

Logging:
Log output configuration:
 #0: stdout all=warning uptime,level,tags foldmultilines=false
 #1: stderr all=off uptime,level,tags foldmultilines=false

Environment Variables:
PATH=C:\Program Files (x86)\NVIDIA Corporation\PhysX\Common;C:\Program Files\Common Files\Oracle\Java\javapath;C:\WINDOWS\system32;C:\WINDOWS;C:\WINDOWS\System32\Wbem;C:\WINDOWS\System32\WindowsPowerShell\v1.0\;C:\WINDOWS\System32\OpenSSH\;C:\Program Files\MATLAB\R2022a\bin;C:\Program Files\dotnet\;C:\MinGW\bin;C:\Program Files\jEdit;C:\Program Files\Microsoft SQL Server\Client SDK\ODBC\170\Tools\Binn\;C:\Program Files (x86)\Microsoft SQL Server\150\Tools\Binn\;C:\Program Files\Microsoft SQL Server\150\Tools\Binn\;C:\Program Files\Microsoft SQL Server\150\DTS\Binn\;C:\Program Files (x86)\Windows Kits\8.1\Windows Performance Toolkit\;C:\Program Files\Git\cmd;C:\Users\khawa\AppData\Local\Microsoft\WindowsApps;;C:\Users\khawa\AppData\Local\Programs\Microsoft VS Code\bin
USERNAME=khawa
OS=Windows_NT
PROCESSOR_IDENTIFIER=Intel64 Family 6 Model 140 Stepping 1, GenuineIntel
TMP=C:\Users\khawa\AppData\Local\Temp
TEMP=C:\Users\khawa\AppData\Local\Temp




---------------  S Y S T E M  ---------------

OS:
 Windows 11 , 64 bit Build 22621 (10.0.22621.2215)
OS uptime: 11 days 18:27 hours

CPU: total 8 (initial active 8) (4 cores per cpu, 2 threads per core) family 6 model 140 stepping 1 microcode 0xac, cx8, cmov, fxsr, ht, mmx, 3dnowpref, sse, sse2, sse3, ssse3, sse4.1, sse4.2, popcnt, lzcnt, tsc, tscinvbit, avx, avx2, aes, erms, clmul, bmi1, bmi2, adx, avx512f, avx512dq, avx512cd, avx512bw, avx512vl, sha, fma, vzeroupper, avx512_vpopcntdq, avx512_vpclmulqdq, avx512_vaes, avx512_vnni, clflush, clflushopt, clwb, avx512_vbmi2, avx512_vbmi, rdtscp, rdpid, fsrm, gfni, avx512_bitalg, f16c, pku, cet_ibt, cet_ss, avx512_ifma

Memory: 4k page, system-wide physical 16107M (2044M free)
TotalPageFile size 26859M (AvailPageFile size 4182M)
current process WorkingSet (physical memory assigned to process): 48M, peak: 48M
current process commit charge ("private bytes"): 340M, peak: 340M

vm_info: OpenJDK 64-Bit Server VM (20.0.2+9-78) for windows-amd64 JRE (20.0.2+9-78), built on 2023-06-14T10:08:48Z by "mach5one" with MS VC++ 17.1 (VS2022)

END.
